<?xml version="1.0" encoding="UTF-8"?>
<testsuite time='1.599567' skipped='0' failures='0' errors='0' name="Admin::UserTest::ChildlenTest" assertions='1' tests='1' timestamp="2020-12-23T13:10:01+09:00">
  <testcase time='1.599567' file="test/models/admin/user_test.rb" name="test_child" assertions='1'>
  </testcase>
</testsuite>
