<?xml version="1.0" encoding="utf-8"?><testsuites><testsuite errors="0" failures="0" hostname="lumipyry" name="pytest" skipped="0" tests="0" time="17.205" timestamp="2021-03-23T15:30:27.587168"><testcase time="0.003"></testcase></testsuite></testsuites>